<?xml version="1.0" encoding="UTF-8"?>
<testsuite xmlns:xsi="http://www.w3.org/2001/XMLSchema-instance" xsi:noNamespaceSchemaLocation="https://maven.apache.org/surefire/maven-surefire-plugin/xsd/surefire-test-report.xsd" name="at.jku.se.taskmgmt.TaskTest" time="0.002" tests="26" errors="0" skipped="0" failures="0">
  <properties>
    <property name="sun.desktop" value="windows"/>
    <property name="awt.toolkit" value="sun.awt.windows.WToolkit"/>
    <property name="file.encoding.pkg" value="sun.io"/>
    <property name="java.specification.version" value="1.8"/>
    <property name="sun.cpu.isalist" value="amd64"/>
    <property name="sun.jnu.encoding" value="Cp1252"/>
    <property name="java.class.path" value="C:\Users\Hamed\Documents\GitHub\pk-ss20-ploesch-team-04\target\test-classes;C:\Users\Hamed\Documents\GitHub\pk-ss20-ploesch-team-04\target\classes;C:\Users\Hamed\.m2\repository\com\dropbox\core\dropbox-core-sdk\3.1.3\dropbox-core-sdk-3.1.3.jar;C:\Users\Hamed\.m2\repository\com\fasterxml\jackson\core\jackson-core\2.7.4\jackson-core-2.7.4.jar;C:\Users\Hamed\.m2\repository\org\junit\jupiter\junit-jupiter-api\5.3.1\junit-jupiter-api-5.3.1.jar;C:\Users\Hamed\.m2\repository\org\apiguardian\apiguardian-api\1.0.0\apiguardian-api-1.0.0.jar;C:\Users\Hamed\.m2\repository\org\opentest4j\opentest4j\1.1.1\opentest4j-1.1.1.jar;C:\Users\Hamed\.m2\repository\org\junit\platform\junit-platform-commons\1.3.1\junit-platform-commons-1.3.1.jar;C:\Users\Hamed\.m2\repository\org\junit\jupiter\junit-jupiter-params\5.3.1\junit-jupiter-params-5.3.1.jar;C:\Users\Hamed\.m2\repository\org\junit\jupiter\junit-jupiter-engine\5.3.1\junit-jupiter-engine-5.3.1.jar;C:\Users\Hamed\.m2\repository\org\junit\platform\junit-platform-engine\1.3.1\junit-platform-engine-1.3.1.jar;C:\Users\Hamed\.m2\repository\org\openjfx\javafx-controls\11\javafx-controls-11.jar;C:\Users\Hamed\.m2\repository\org\openjfx\javafx-controls\11\javafx-controls-11-win.jar;C:\Users\Hamed\.m2\repository\org\openjfx\javafx-graphics\11\javafx-graphics-11.jar;C:\Users\Hamed\.m2\repository\org\openjfx\javafx-graphics\11\javafx-graphics-11-win.jar;C:\Users\Hamed\.m2\repository\org\openjfx\javafx-base\11\javafx-base-11.jar;C:\Users\Hamed\.m2\repository\org\openjfx\javafx-base\11\javafx-base-11-win.jar;C:\Users\Hamed\.m2\repository\org\openjfx\javafx-fxml\11\javafx-fxml-11.jar;C:\Users\Hamed\.m2\repository\org\openjfx\javafx-fxml\11\javafx-fxml-11-win.jar;"/>
    <property name="java.vm.vendor" value="Oracle Corporation"/>
    <property name="sun.arch.data.model" value="64"/>
    <property name="user.variant" value=""/>
    <property name="java.vendor.url" value="http://java.oracle.com/"/>
    <property name="user.timezone" value=""/>
    <property name="java.vm.specification.version" value="1.8"/>
    <property name="os.name" value="Windows 10"/>
    <property name="user.country" value="AT"/>
    <property name="sun.java.launcher" value="SUN_STANDARD"/>
    <property name="sun.boot.library.path" value="C:\Program Files\Java\jdk1.8.0_241\jre\bin"/>
    <property name="sun.java.command" value="C:\Users\Hamed\AppData\Local\Temp\surefire8523870853798891140\surefirebooter1205310516819371135.jar C:\Users\Hamed\AppData\Local\Temp\surefire8523870853798891140 2020-05-11T03-13-36_252-jvmRun1 surefire8693660158354554206tmp surefire_04510218005405703041tmp"/>
    <property name="surefire.test.class.path" value="C:\Users\Hamed\Documents\GitHub\pk-ss20-ploesch-team-04\target\test-classes;C:\Users\Hamed\Documents\GitHub\pk-ss20-ploesch-team-04\target\classes;C:\Users\Hamed\.m2\repository\com\dropbox\core\dropbox-core-sdk\3.1.3\dropbox-core-sdk-3.1.3.jar;C:\Users\Hamed\.m2\repository\com\fasterxml\jackson\core\jackson-core\2.7.4\jackson-core-2.7.4.jar;C:\Users\Hamed\.m2\repository\org\junit\jupiter\junit-jupiter-api\5.3.1\junit-jupiter-api-5.3.1.jar;C:\Users\Hamed\.m2\repository\org\apiguardian\apiguardian-api\1.0.0\apiguardian-api-1.0.0.jar;C:\Users\Hamed\.m2\repository\org\opentest4j\opentest4j\1.1.1\opentest4j-1.1.1.jar;C:\Users\Hamed\.m2\repository\org\junit\platform\junit-platform-commons\1.3.1\junit-platform-commons-1.3.1.jar;C:\Users\Hamed\.m2\repository\org\junit\jupiter\junit-jupiter-params\5.3.1\junit-jupiter-params-5.3.1.jar;C:\Users\Hamed\.m2\repository\org\junit\jupiter\junit-jupiter-engine\5.3.1\junit-jupiter-engine-5.3.1.jar;C:\Users\Hamed\.m2\repository\org\junit\platform\junit-platform-engine\1.3.1\junit-platform-engine-1.3.1.jar;C:\Users\Hamed\.m2\repository\org\openjfx\javafx-controls\11\javafx-controls-11.jar;C:\Users\Hamed\.m2\repository\org\openjfx\javafx-controls\11\javafx-controls-11-win.jar;C:\Users\Hamed\.m2\repository\org\openjfx\javafx-graphics\11\javafx-graphics-11.jar;C:\Users\Hamed\.m2\repository\org\openjfx\javafx-graphics\11\javafx-graphics-11-win.jar;C:\Users\Hamed\.m2\repository\org\openjfx\javafx-base\11\javafx-base-11.jar;C:\Users\Hamed\.m2\repository\org\openjfx\javafx-base\11\javafx-base-11-win.jar;C:\Users\Hamed\.m2\repository\org\openjfx\javafx-fxml\11\javafx-fxml-11.jar;C:\Users\Hamed\.m2\repository\org\openjfx\javafx-fxml\11\javafx-fxml-11-win.jar;"/>
    <property name="sun.cpu.endian" value="little"/>
    <property name="user.home" value="C:\Users\Hamed"/>
    <property name="user.language" value="de"/>
    <property name="java.specification.vendor" value="Oracle Corporation"/>
    <property name="java.home" value="C:\Program Files\Java\jdk1.8.0_241\jre"/>
    <property name="basedir" value="C:\Users\Hamed\Documents\GitHub\pk-ss20-ploesch-team-04"/>
    <property name="file.separator" value="\"/>
    <property name="line.separator" value="&#10;"/>
    <property name="java.vm.specification.vendor" value="Oracle Corporation"/>
    <property name="java.specification.name" value="Java Platform API Specification"/>
    <property name="java.awt.graphicsenv" value="sun.awt.Win32GraphicsEnvironment"/>
    <property name="surefire.real.class.path" value="C:\Users\Hamed\AppData\Local\Temp\surefire8523870853798891140\surefirebooter1205310516819371135.jar;C:\\Users\\Hamed\\.m2\\repository\\org\\jacoco\\org.jacoco.agent\\0.8.5\\org.jacoco.agent-0.8.5-runtime.jar"/>
    <property name="sun.boot.class.path" value="C:\Program Files\Java\jdk1.8.0_241\jre\lib\resources.jar;C:\Program Files\Java\jdk1.8.0_241\jre\lib\rt.jar;C:\Program Files\Java\jdk1.8.0_241\jre\lib\sunrsasign.jar;C:\Program Files\Java\jdk1.8.0_241\jre\lib\jsse.jar;C:\Program Files\Java\jdk1.8.0_241\jre\lib\jce.jar;C:\Program Files\Java\jdk1.8.0_241\jre\lib\charsets.jar;C:\Program Files\Java\jdk1.8.0_241\jre\lib\jfr.jar;C:\Program Files\Java\jdk1.8.0_241\jre\classes"/>
    <property name="user.script" value=""/>
    <property name="sun.management.compiler" value="HotSpot 64-Bit Tiered Compilers"/>
    <property name="java.runtime.version" value="1.8.0_241-b07"/>
    <property name="user.name" value="Hamed"/>
    <property name="path.separator" value=";"/>
    <property name="os.version" value="10.0"/>
    <property name="java.endorsed.dirs" value="C:\Program Files\Java\jdk1.8.0_241\jre\lib\endorsed"/>
    <property name="java.runtime.name" value="Java(TM) SE Runtime Environment"/>
    <property name="file.encoding" value="Cp1252"/>
    <property name="java.vm.name" value="Java HotSpot(TM) 64-Bit Server VM"/>
    <property name="localRepository" value="C:\Users\Hamed\.m2\repository"/>
    <property name="java.vendor.url.bug" value="http://bugreport.sun.com/bugreport/"/>
    <property name="java.io.tmpdir" value="C:\Users\Hamed\AppData\Local\Temp\"/>
    <property name="java.version" value="1.8.0_241"/>
    <property name="user.dir" value="C:\Users\Hamed\Documents\GitHub\pk-ss20-ploesch-team-04"/>
    <property name="os.arch" value="amd64"/>
    <property name="java.vm.specification.name" value="Java Virtual Machine Specification"/>
    <property name="java.awt.printerjob" value="sun.awt.windows.WPrinterJob"/>
    <property name="sun.os.patch.level" value=""/>
    <property name="java.library.path" value="C:\Program Files\Java\jdk1.8.0_241\jre\bin;C:\WINDOWS\Sun\Java\bin;C:\WINDOWS\system32;C:\WINDOWS;C:/Program Files/Java/jdk1.8.0_241/bin/../jre/bin/server;C:/Program Files/Java/jdk1.8.0_241/bin/../jre/bin;C:/Program Files/Java/jdk1.8.0_241/bin/../jre/lib/amd64;C:\WINDOWS\system32;C:\WINDOWS;C:\WINDOWS\System32\Wbem;C:\WINDOWS\System32\WindowsPowerShell\v1.0\;C:\WINDOWS\System32\OpenSSH\;C:\Program Files\nodejs\;C:\Program Files\Java\jdk1.8.0_241\bin;C:\Program Files\Java\jre1.8.0_241\bin;C:\Program Files\Git\cmd;C:\Program Files\NVIDIA Corporation\NVIDIA NvDLISR;C:\Program Files (x86)\NVIDIA Corporation\PhysX\Common;C:\Program Files\Java\jdk-12.0.2\bin;C:\Program Files\apache-maven-3.6.3\bin;C:\Users\Hamed\AppData\Local\Microsoft\WindowsApps;C:\Users\Hamed\AppData\Roaming\npm;C:\Users\Hamed\AppData\Local\Programs\Microsoft VS Code\bin;C:\Users\Hamed\AppData\Local\GitHubDesktop\bin;C:\WINDOWS\System32;;."/>
    <property name="java.vm.info" value="mixed mode"/>
    <property name="java.vendor" value="Oracle Corporation"/>
    <property name="java.vm.version" value="25.241-b07"/>
    <property name="java.ext.dirs" value="C:\Program Files\Java\jdk1.8.0_241\jre\lib\ext;C:\WINDOWS\Sun\Java\lib\ext"/>
    <property name="sun.io.unicode.encoding" value="UnicodeLittle"/>
    <property name="java.class.version" value="52.0"/>
  </properties>
  <testcase name="monthlyRecurringTask" classname="at.jku.se.taskmgmt.TaskTest" time="0"/>
  <testcase name="getWeekday" classname="at.jku.se.taskmgmt.TaskTest" time="0"/>
  <testcase name="getContributorsList" classname="at.jku.se.taskmgmt.TaskTest" time="0"/>
  <testcase name="isRecurrent" classname="at.jku.se.taskmgmt.TaskTest" time="0"/>
  <testcase name="getNumberOfRepetitions" classname="at.jku.se.taskmgmt.TaskTest" time="0"/>
  <testcase name="getTaskDescroption" classname="at.jku.se.taskmgmt.TaskTest" time="0"/>
  <testcase name="getAttachments" classname="at.jku.se.taskmgmt.TaskTest" time="0"/>
  <testcase name="getContributors" classname="at.jku.se.taskmgmt.TaskTest" time="0"/>
  <testcase name="getDueDate" classname="at.jku.se.taskmgmt.TaskTest" time="0"/>
  <testcase name="getCreationDate" classname="at.jku.se.taskmgmt.TaskTest" time="0"/>
  <testcase name="getRepetitionDate" classname="at.jku.se.taskmgmt.TaskTest" time="0"/>
  <testcase name="removeSubtask" classname="at.jku.se.taskmgmt.TaskTest" time="0"/>
  <testcase name="isWeekly" classname="at.jku.se.taskmgmt.TaskTest" time="0"/>
  <testcase name="getDetailedTaskDescription" classname="at.jku.se.taskmgmt.TaskTest" time="0"/>
  <testcase name="getSubtasks" classname="at.jku.se.taskmgmt.TaskTest" time="0"/>
  <testcase name="addSubtask" classname="at.jku.se.taskmgmt.TaskTest" time="0"/>
  <testcase name="getCategoriesList" classname="at.jku.se.taskmgmt.TaskTest" time="0"/>
  <testcase name="getTaskNumber" classname="at.jku.se.taskmgmt.TaskTest" time="0"/>
  <testcase name="isMonthly" classname="at.jku.se.taskmgmt.TaskTest" time="0"/>
  <testcase name="getDoneProperty" classname="at.jku.se.taskmgmt.TaskTest" time="0"/>
  <testcase name="getCategories" classname="at.jku.se.taskmgmt.TaskTest" time="0"/>
  <testcase name="weeklyRecurringTask" classname="at.jku.se.taskmgmt.TaskTest" time="0"/>
  <testcase name="nonRecurringTask" classname="at.jku.se.taskmgmt.TaskTest" time="0"/>
  <testcase name="getMonthday" classname="at.jku.se.taskmgmt.TaskTest" time="0"/>
  <testcase name="getNumberOfTasks" classname="at.jku.se.taskmgmt.TaskTest" time="0"/>
  <testcase name="setDone" classname="at.jku.se.taskmgmt.TaskTest" time="0"/>
</testsuite>