<?xml version="1.0" encoding="UTF-8"?>
<testsuite xmlns:xsi="http://www.w3.org/2001/XMLSchema-instance" xsi:noNamespaceSchemaLocation="https://maven.apache.org/surefire/maven-surefire-plugin/xsd/surefire-test-report.xsd" name="at.jku.se.taskmgmt.TaskTest" time="0.088" tests="26" errors="0" skipped="0" failures="0">
  <properties>
    <property name="sun.desktop" value="windows"/>
    <property name="awt.toolkit" value="sun.awt.windows.WToolkit"/>
    <property name="file.encoding.pkg" value="sun.io"/>
    <property name="java.specification.version" value="1.8"/>
    <property name="sun.cpu.isalist" value="amd64"/>
    <property name="sun.jnu.encoding" value="Cp1252"/>
    <property name="java.class.path" value="C:\Users\charl\git\pk-ss20-ploesch-team-04\target\test-classes;C:\Users\charl\git\pk-ss20-ploesch-team-04\target\classes;C:\Users\charl\.m2\repository\junit\junit\4.12\junit-4.12.jar;C:\Users\charl\.m2\repository\org\hamcrest\hamcrest-core\1.3\hamcrest-core-1.3.jar;"/>
    <property name="java.vm.vendor" value="Oracle Corporation"/>
    <property name="sun.arch.data.model" value="64"/>
    <property name="user.variant" value=""/>
    <property name="java.vendor.url" value="http://java.oracle.com/"/>
    <property name="user.timezone" value=""/>
    <property name="java.vm.specification.version" value="1.8"/>
    <property name="os.name" value="Windows 10"/>
    <property name="user.country" value="AT"/>
    <property name="sun.java.launcher" value="SUN_STANDARD"/>
    <property name="sun.boot.library.path" value="C:\Program Files\Java\jdk1.8.0_191\jre\bin"/>
    <property name="sun.java.command" value="C:\Users\charl\AppData\Local\Temp\surefire4091290800331070225\surefirebooter7854444929739830394.jar C:\Users\charl\AppData\Local\Temp\surefire4091290800331070225 2020-04-25T20-33-55_434-jvmRun1 surefire4780770991504716178tmp surefire_05021454953698773970tmp"/>
    <property name="surefire.test.class.path" value="C:\Users\charl\git\pk-ss20-ploesch-team-04\target\test-classes;C:\Users\charl\git\pk-ss20-ploesch-team-04\target\classes;C:\Users\charl\.m2\repository\junit\junit\4.12\junit-4.12.jar;C:\Users\charl\.m2\repository\org\hamcrest\hamcrest-core\1.3\hamcrest-core-1.3.jar;"/>
    <property name="sun.cpu.endian" value="little"/>
    <property name="user.home" value="C:\Users\charl"/>
    <property name="user.language" value="de"/>
    <property name="java.specification.vendor" value="Oracle Corporation"/>
    <property name="java.home" value="C:\Program Files\Java\jdk1.8.0_191\jre"/>
    <property name="basedir" value="C:\Users\charl\git\pk-ss20-ploesch-team-04"/>
    <property name="file.separator" value="\"/>
    <property name="line.separator" value="&#10;"/>
    <property name="java.vm.specification.vendor" value="Oracle Corporation"/>
    <property name="java.specification.name" value="Java Platform API Specification"/>
    <property name="java.awt.graphicsenv" value="sun.awt.Win32GraphicsEnvironment"/>
    <property name="surefire.real.class.path" value="C:\Users\charl\AppData\Local\Temp\surefire4091290800331070225\surefirebooter7854444929739830394.jar"/>
    <property name="sun.boot.class.path" value="C:\Program Files\Java\jdk1.8.0_191\jre\lib\resources.jar;C:\Program Files\Java\jdk1.8.0_191\jre\lib\rt.jar;C:\Program Files\Java\jdk1.8.0_191\jre\lib\sunrsasign.jar;C:\Program Files\Java\jdk1.8.0_191\jre\lib\jsse.jar;C:\Program Files\Java\jdk1.8.0_191\jre\lib\jce.jar;C:\Program Files\Java\jdk1.8.0_191\jre\lib\charsets.jar;C:\Program Files\Java\jdk1.8.0_191\jre\lib\jfr.jar;C:\Program Files\Java\jdk1.8.0_191\jre\classes"/>
    <property name="user.script" value=""/>
    <property name="sun.management.compiler" value="HotSpot 64-Bit Tiered Compilers"/>
    <property name="java.runtime.version" value="1.8.0_191-b12"/>
    <property name="user.name" value="charl"/>
    <property name="path.separator" value=";"/>
    <property name="os.version" value="10.0"/>
    <property name="java.endorsed.dirs" value="C:\Program Files\Java\jdk1.8.0_191\jre\lib\endorsed"/>
    <property name="java.runtime.name" value="Java(TM) SE Runtime Environment"/>
    <property name="file.encoding" value="Cp1252"/>
    <property name="java.vm.name" value="Java HotSpot(TM) 64-Bit Server VM"/>
    <property name="localRepository" value="C:\Users\charl\.m2\repository"/>
    <property name="java.vendor.url.bug" value="http://bugreport.sun.com/bugreport/"/>
    <property name="java.io.tmpdir" value="C:\Users\charl\AppData\Local\Temp\"/>
    <property name="java.version" value="1.8.0_191"/>
    <property name="user.dir" value="C:\Users\charl\git\pk-ss20-ploesch-team-04"/>
    <property name="os.arch" value="amd64"/>
    <property name="java.vm.specification.name" value="Java Virtual Machine Specification"/>
    <property name="java.awt.printerjob" value="sun.awt.windows.WPrinterJob"/>
    <property name="sun.os.patch.level" value=""/>
    <property name="java.library.path" value="C:\Program Files\Java\jdk1.8.0_191\jre\bin;C:\WINDOWS\Sun\Java\bin;C:\WINDOWS\system32;C:\WINDOWS;C:\Program Files (x86)\NVIDIA Corporation\PhysX\Common;C:\Program Files (x86)\Common Files\Oracle\Java\javapath;C:\Program Files (x86)\Intel\iCLS Client\;C:\Program Files\Intel\iCLS Client\;C:\WINDOWS\system32;C:\WINDOWS;C:\WINDOWS\System32\Wbem;C:\WINDOWS\System32\WindowsPowerShell\v1.0\;C:\WINDOWS\System32\OpenSSH\;C:\Program Files (x86)\Intel\Intel(R) Management Engine Components\DAL;C:\Program Files\Intel\Intel(R) Management Engine Components\DAL;C:\Program Files (x86)\Intel\Intel(R) Management Engine Components\IPT;C:\Program Files\Intel\Intel(R) Management Engine Components\IPT;C:\Program Files\Java\jdk1.8.0_191\bin;C:\Users\charl\Downloads\apache-maven-3.6.0-bin\apache-maven-3.6.0\bin;C:\Users\charl\Downloads\apache-jena-3.10.0\apache-jena-3.10.0\bat;C:\Python\Scripts\;C:\Python\;C:\Users\charl\AppData\Local\Microsoft\WindowsApps;;."/>
    <property name="java.vm.info" value="mixed mode"/>
    <property name="java.vendor" value="Oracle Corporation"/>
    <property name="java.vm.version" value="25.191-b12"/>
    <property name="java.ext.dirs" value="C:\Program Files\Java\jdk1.8.0_191\jre\lib\ext;C:\WINDOWS\Sun\Java\lib\ext"/>
    <property name="sun.io.unicode.encoding" value="UnicodeLittle"/>
    <property name="java.class.version" value="52.0"/>
  </properties>
  <testcase name="monthlyRecurringTask" classname="at.jku.se.taskmgmt.TaskTest" time="0.059"/>
  <testcase name="getWeekday" classname="at.jku.se.taskmgmt.TaskTest" time="0"/>
  <testcase name="getContributorsList" classname="at.jku.se.taskmgmt.TaskTest" time="0.001"/>
  <testcase name="isRecurrent" classname="at.jku.se.taskmgmt.TaskTest" time="0.001"/>
  <testcase name="getNumberOfRepetitions" classname="at.jku.se.taskmgmt.TaskTest" time="0"/>
  <testcase name="getTaskDescroption" classname="at.jku.se.taskmgmt.TaskTest" time="0"/>
  <testcase name="getAttachments" classname="at.jku.se.taskmgmt.TaskTest" time="0"/>
  <testcase name="getContributors" classname="at.jku.se.taskmgmt.TaskTest" time="0.001"/>
  <testcase name="getDueDate" classname="at.jku.se.taskmgmt.TaskTest" time="0"/>
  <testcase name="getCreationDate" classname="at.jku.se.taskmgmt.TaskTest" time="0.001"/>
  <testcase name="getRepetitionDate" classname="at.jku.se.taskmgmt.TaskTest" time="0.001"/>
  <testcase name="removeSubtask" classname="at.jku.se.taskmgmt.TaskTest" time="0"/>
  <testcase name="isWeekly" classname="at.jku.se.taskmgmt.TaskTest" time="0"/>
  <testcase name="getDetailedTaskDescription" classname="at.jku.se.taskmgmt.TaskTest" time="0"/>
  <testcase name="getSubtasks" classname="at.jku.se.taskmgmt.TaskTest" time="0"/>
  <testcase name="addSubtask" classname="at.jku.se.taskmgmt.TaskTest" time="0"/>
  <testcase name="getCategoriesList" classname="at.jku.se.taskmgmt.TaskTest" time="0"/>
  <testcase name="getTaskNumber" classname="at.jku.se.taskmgmt.TaskTest" time="0"/>
  <testcase name="isMonthly" classname="at.jku.se.taskmgmt.TaskTest" time="0"/>
  <testcase name="getDoneProperty" classname="at.jku.se.taskmgmt.TaskTest" time="0.001"/>
  <testcase name="getCategories" classname="at.jku.se.taskmgmt.TaskTest" time="0"/>
  <testcase name="weeklyRecurringTask" classname="at.jku.se.taskmgmt.TaskTest" time="0"/>
  <testcase name="nonRecurringTask" classname="at.jku.se.taskmgmt.TaskTest" time="0"/>
  <testcase name="getMonthday" classname="at.jku.se.taskmgmt.TaskTest" time="0"/>
  <testcase name="getNumberOfTasks" classname="at.jku.se.taskmgmt.TaskTest" time="0"/>
  <testcase name="setDone" classname="at.jku.se.taskmgmt.TaskTest" time="0"/>
</testsuite>