<?xml version="1.0" encoding="UTF-8"?>
<testsuite xmlns:xsi="http://www.w3.org/2001/XMLSchema-instance" xsi:noNamespaceSchemaLocation="https://maven.apache.org/surefire/maven-surefire-plugin/xsd/surefire-test-report.xsd" name="at.jku.se.taskmgmt.TaskTest" time="0.047" tests="26" errors="0" skipped="0" failures="0">
  <properties>
    <property name="sun.desktop" value="windows"/>
    <property name="awt.toolkit" value="sun.awt.windows.WToolkit"/>
    <property name="file.encoding.pkg" value="sun.io"/>
    <property name="java.specification.version" value="1.8"/>
    <property name="sun.cpu.isalist" value="amd64"/>
    <property name="sun.jnu.encoding" value="Cp1252"/>
    <property name="java.class.path" value="C:\Users\Mara\git\pk-ss20-ploesch-team-04\target\test-classes;C:\Users\Mara\git\pk-ss20-ploesch-team-04\target\classes;C:\Users\Mara\.m2\repository\com\dropbox\core\dropbox-core-sdk\3.1.3\dropbox-core-sdk-3.1.3.jar;C:\Users\Mara\.m2\repository\com\fasterxml\jackson\core\jackson-core\2.7.4\jackson-core-2.7.4.jar;C:\Users\Mara\.m2\repository\org\junit\jupiter\junit-jupiter-api\5.3.1\junit-jupiter-api-5.3.1.jar;C:\Users\Mara\.m2\repository\org\apiguardian\apiguardian-api\1.0.0\apiguardian-api-1.0.0.jar;C:\Users\Mara\.m2\repository\org\opentest4j\opentest4j\1.1.1\opentest4j-1.1.1.jar;C:\Users\Mara\.m2\repository\org\junit\platform\junit-platform-commons\1.3.1\junit-platform-commons-1.3.1.jar;C:\Users\Mara\.m2\repository\org\junit\jupiter\junit-jupiter-params\5.3.1\junit-jupiter-params-5.3.1.jar;C:\Users\Mara\.m2\repository\org\junit\jupiter\junit-jupiter-engine\5.3.1\junit-jupiter-engine-5.3.1.jar;C:\Users\Mara\.m2\repository\org\junit\platform\junit-platform-engine\1.3.1\junit-platform-engine-1.3.1.jar;C:\Users\Mara\.m2\repository\org\openjfx\javafx-controls\11\javafx-controls-11.jar;C:\Users\Mara\.m2\repository\org\openjfx\javafx-controls\11\javafx-controls-11-win.jar;C:\Users\Mara\.m2\repository\org\openjfx\javafx-graphics\11\javafx-graphics-11.jar;C:\Users\Mara\.m2\repository\org\openjfx\javafx-graphics\11\javafx-graphics-11-win.jar;C:\Users\Mara\.m2\repository\org\openjfx\javafx-base\11\javafx-base-11.jar;C:\Users\Mara\.m2\repository\org\openjfx\javafx-base\11\javafx-base-11-win.jar;C:\Users\Mara\.m2\repository\org\openjfx\javafx-fxml\11\javafx-fxml-11.jar;C:\Users\Mara\.m2\repository\org\openjfx\javafx-fxml\11\javafx-fxml-11-win.jar;"/>
    <property name="java.vm.vendor" value="Oracle Corporation"/>
    <property name="sun.arch.data.model" value="64"/>
    <property name="user.variant" value=""/>
    <property name="java.vendor.url" value="http://java.oracle.com/"/>
    <property name="user.timezone" value=""/>
    <property name="java.vm.specification.version" value="1.8"/>
    <property name="os.name" value="Windows 10"/>
    <property name="user.country" value="AT"/>
    <property name="sun.java.launcher" value="SUN_STANDARD"/>
    <property name="sun.boot.library.path" value="C:\Program Files\Java\jdk1.8.0_251\jre\bin"/>
    <property name="sun.java.command" value="C:\Users\Mara\AppData\Local\Temp\surefire7426793959578900800\surefirebooter1569592567348728514.jar C:\Users\Mara\AppData\Local\Temp\surefire7426793959578900800 2020-07-03T22-40-26_792-jvmRun1 surefire2498044274825898068tmp surefire_07643977185934966132tmp"/>
    <property name="surefire.test.class.path" value="C:\Users\Mara\git\pk-ss20-ploesch-team-04\target\test-classes;C:\Users\Mara\git\pk-ss20-ploesch-team-04\target\classes;C:\Users\Mara\.m2\repository\com\dropbox\core\dropbox-core-sdk\3.1.3\dropbox-core-sdk-3.1.3.jar;C:\Users\Mara\.m2\repository\com\fasterxml\jackson\core\jackson-core\2.7.4\jackson-core-2.7.4.jar;C:\Users\Mara\.m2\repository\org\junit\jupiter\junit-jupiter-api\5.3.1\junit-jupiter-api-5.3.1.jar;C:\Users\Mara\.m2\repository\org\apiguardian\apiguardian-api\1.0.0\apiguardian-api-1.0.0.jar;C:\Users\Mara\.m2\repository\org\opentest4j\opentest4j\1.1.1\opentest4j-1.1.1.jar;C:\Users\Mara\.m2\repository\org\junit\platform\junit-platform-commons\1.3.1\junit-platform-commons-1.3.1.jar;C:\Users\Mara\.m2\repository\org\junit\jupiter\junit-jupiter-params\5.3.1\junit-jupiter-params-5.3.1.jar;C:\Users\Mara\.m2\repository\org\junit\jupiter\junit-jupiter-engine\5.3.1\junit-jupiter-engine-5.3.1.jar;C:\Users\Mara\.m2\repository\org\junit\platform\junit-platform-engine\1.3.1\junit-platform-engine-1.3.1.jar;C:\Users\Mara\.m2\repository\org\openjfx\javafx-controls\11\javafx-controls-11.jar;C:\Users\Mara\.m2\repository\org\openjfx\javafx-controls\11\javafx-controls-11-win.jar;C:\Users\Mara\.m2\repository\org\openjfx\javafx-graphics\11\javafx-graphics-11.jar;C:\Users\Mara\.m2\repository\org\openjfx\javafx-graphics\11\javafx-graphics-11-win.jar;C:\Users\Mara\.m2\repository\org\openjfx\javafx-base\11\javafx-base-11.jar;C:\Users\Mara\.m2\repository\org\openjfx\javafx-base\11\javafx-base-11-win.jar;C:\Users\Mara\.m2\repository\org\openjfx\javafx-fxml\11\javafx-fxml-11.jar;C:\Users\Mara\.m2\repository\org\openjfx\javafx-fxml\11\javafx-fxml-11-win.jar;"/>
    <property name="sun.cpu.endian" value="little"/>
    <property name="user.home" value="C:\Users\Mara"/>
    <property name="user.language" value="de"/>
    <property name="java.specification.vendor" value="Oracle Corporation"/>
    <property name="java.home" value="C:\Program Files\Java\jdk1.8.0_251\jre"/>
    <property name="basedir" value="C:\Users\Mara\git\pk-ss20-ploesch-team-04"/>
    <property name="file.separator" value="\"/>
    <property name="line.separator" value="&#10;"/>
    <property name="java.vm.specification.vendor" value="Oracle Corporation"/>
    <property name="java.specification.name" value="Java Platform API Specification"/>
    <property name="java.awt.graphicsenv" value="sun.awt.Win32GraphicsEnvironment"/>
    <property name="surefire.real.class.path" value="C:\Users\Mara\AppData\Local\Temp\surefire7426793959578900800\surefirebooter1569592567348728514.jar;C:\\Users\\Mara\\.m2\\repository\\org\\jacoco\\org.jacoco.agent\\0.8.5\\org.jacoco.agent-0.8.5-runtime.jar"/>
    <property name="sun.boot.class.path" value="C:\Program Files\Java\jdk1.8.0_251\jre\lib\resources.jar;C:\Program Files\Java\jdk1.8.0_251\jre\lib\rt.jar;C:\Program Files\Java\jdk1.8.0_251\jre\lib\sunrsasign.jar;C:\Program Files\Java\jdk1.8.0_251\jre\lib\jsse.jar;C:\Program Files\Java\jdk1.8.0_251\jre\lib\jce.jar;C:\Program Files\Java\jdk1.8.0_251\jre\lib\charsets.jar;C:\Program Files\Java\jdk1.8.0_251\jre\lib\jfr.jar;C:\Program Files\Java\jdk1.8.0_251\jre\classes"/>
    <property name="user.script" value=""/>
    <property name="sun.management.compiler" value="HotSpot 64-Bit Tiered Compilers"/>
    <property name="java.runtime.version" value="1.8.0_251-b08"/>
    <property name="user.name" value="Mara"/>
    <property name="path.separator" value=";"/>
    <property name="os.version" value="10.0"/>
    <property name="java.endorsed.dirs" value="C:\Program Files\Java\jdk1.8.0_251\jre\lib\endorsed"/>
    <property name="java.runtime.name" value="Java(TM) SE Runtime Environment"/>
    <property name="file.encoding" value="Cp1252"/>
    <property name="java.vm.name" value="Java HotSpot(TM) 64-Bit Server VM"/>
    <property name="localRepository" value="C:\Users\Mara\.m2\repository"/>
    <property name="java.vendor.url.bug" value="http://bugreport.sun.com/bugreport/"/>
    <property name="java.io.tmpdir" value="C:\Users\Mara\AppData\Local\Temp\"/>
    <property name="java.version" value="1.8.0_251"/>
    <property name="user.dir" value="C:\Users\Mara\git\pk-ss20-ploesch-team-04"/>
    <property name="os.arch" value="amd64"/>
    <property name="java.vm.specification.name" value="Java Virtual Machine Specification"/>
    <property name="java.awt.printerjob" value="sun.awt.windows.WPrinterJob"/>
    <property name="sun.os.patch.level" value=""/>
    <property name="java.library.path" value="C:\Program Files\Java\jdk1.8.0_251\jre\bin;C:\WINDOWS\Sun\Java\bin;C:\WINDOWS\system32;C:\WINDOWS;C:/Program Files/Java/jre1.8.0_251/bin/server;C:/Program Files/Java/jre1.8.0_251/bin;C:/Program Files/Java/jre1.8.0_251/lib/amd64;C:\Program Files (x86)\Common Files\Oracle\Java\javapath;C:\Program Files (x86)\Intel\iCLS Client\;C:\Program Files\Intel\iCLS Client\;C:\Program Files (x86)\NVIDIA Corporation\PhysX\Common;C:\WINDOWS\system32;C:\WINDOWS;C:\WINDOWS\System32\Wbem;C:\WINDOWS\System32\WindowsPowerShell\v1.0\;C:\Program Files\Intel\Intel(R) Management Engine Components\DAL;C:\Program Files (x86)\Intel\Intel(R) Management Engine Components\DAL;C:\Program Files\Intel\Intel(R) Management Engine Components\IPT;C:\Program Files (x86)\Intel\Intel(R) Management Engine Components\IPT;C:\Program Files\Intel\WiFi\bin\;C:\Program Files\Common Files\Intel\WirelessCommon\;C:\Program Files (x86)\Microsoft SQL Server\110\Tools\Binn\;C:\Program Files\Microsoft SQL Server\110\Tools\Binn\;C:\Program Files\Microsoft SQL Server\110\DTS\Binn\;C:\WINDOWS\System32\OpenSSH\;C:\Program Files\apache-maven-3.6.3\bin;C:\Users\Mara\AppData\Local\Microsoft\WindowsApps;C:\Program Files\Java\jdk-10.0.2\bin;C:\Users\Mara\Desktop\Programmieren;;C:\Users\Mara\Desktop;;."/>
    <property name="java.vm.info" value="mixed mode"/>
    <property name="java.vendor" value="Oracle Corporation"/>
    <property name="java.vm.version" value="25.251-b08"/>
    <property name="java.ext.dirs" value="C:\Program Files\Java\jdk1.8.0_251\jre\lib\ext;C:\WINDOWS\Sun\Java\lib\ext"/>
    <property name="sun.io.unicode.encoding" value="UnicodeLittle"/>
    <property name="java.class.version" value="52.0"/>
  </properties>
  <testcase name="testGetDetailedTaskDescription" classname="at.jku.se.taskmgmt.TaskTest" time="0"/>
  <testcase name="testGetDueDate" classname="at.jku.se.taskmgmt.TaskTest" time="0"/>
  <testcase name="testGetTaskNumber" classname="at.jku.se.taskmgmt.TaskTest" time="0"/>
  <testcase name="testGetNumberOfRepetitions" classname="at.jku.se.taskmgmt.TaskTest" time="0"/>
  <testcase name="testGetCategoriesList" classname="at.jku.se.taskmgmt.TaskTest" time="0"/>
  <testcase name="testGetContributors" classname="at.jku.se.taskmgmt.TaskTest" time="0"/>
  <testcase name="testGetCategories" classname="at.jku.se.taskmgmt.TaskTest" time="0"/>
  <testcase name="testGetCreationDate" classname="at.jku.se.taskmgmt.TaskTest" time="0"/>
  <testcase name="testAddSubtask" classname="at.jku.se.taskmgmt.TaskTest" time="0"/>
  <testcase name="testGetSubtasks" classname="at.jku.se.taskmgmt.TaskTest" time="0"/>
  <testcase name="testWeeklyRecurringTask" classname="at.jku.se.taskmgmt.TaskTest" time="0"/>
  <testcase name="testNonRecurringTask" classname="at.jku.se.taskmgmt.TaskTest" time="0"/>
  <testcase name="testIsWeekly" classname="at.jku.se.taskmgmt.TaskTest" time="0"/>
  <testcase name="testGetContributorsList" classname="at.jku.se.taskmgmt.TaskTest" time="0.015"/>
  <testcase name="testGetDoneProperty" classname="at.jku.se.taskmgmt.TaskTest" time="0"/>
  <testcase name="testMonthlyRecurringTask" classname="at.jku.se.taskmgmt.TaskTest" time="0"/>
  <testcase name="testGetTaskDescroption" classname="at.jku.se.taskmgmt.TaskTest" time="0"/>
  <testcase name="testGetNumberOfTasks" classname="at.jku.se.taskmgmt.TaskTest" time="0"/>
  <testcase name="testGetRepetitionDate" classname="at.jku.se.taskmgmt.TaskTest" time="0"/>
  <testcase name="testGetMonthday" classname="at.jku.se.taskmgmt.TaskTest" time="0"/>
  <testcase name="testRemoveSubtask" classname="at.jku.se.taskmgmt.TaskTest" time="0"/>
  <testcase name="testIsMonthly" classname="at.jku.se.taskmgmt.TaskTest" time="0"/>
  <testcase name="testGetWeekday" classname="at.jku.se.taskmgmt.TaskTest" time="0"/>
  <testcase name="testSetDone" classname="at.jku.se.taskmgmt.TaskTest" time="0.016"/>
  <testcase name="testGetAttachments" classname="at.jku.se.taskmgmt.TaskTest" time="0"/>
  <testcase name="testIsRecurrent" classname="at.jku.se.taskmgmt.TaskTest" time="0"/>
</testsuite>